[nltk_data] Downloading package punkt to /home/lanz/nltk_data...
[nltk_data]   Package punkt is already up-to-date!
[nltk_data] Downloading package wordnet to /home/lanz/nltk_data...
[nltk_data]   Package wordnet is already up-to-date!
INFO:root:../models/nllb-200-distilled-600M model and tokenizer loaded
INFO:root:The loading time of model NLLB_600M is 6.491713762283325 s
the `lang_code_to_id` attribute is deprecated. The logic is natively handled in the `tokenizer.adder_tokens_decoder` this attribute will be removed in `transformers` v4.38
INFO:root:The cs translation using NLLB_600M is successfully completed in time 33.3080997467041 s (1500 sentences)
INFO:root:BLEU: 28.870982994322436, METEOR: 0.5440170022453071, WER: 55.413, CER: 41.0973
INFO:root:Model NLLB_600M is successfully measured - TIME: 33.3080997467041, BLEU: 28.870982994322436, METEOR: 0.5440170022453071, WER: 55.413, CER: 41.0973
INFO:root:The de translation using NLLB_600M is successfully completed in time 29.2077898979187 s (1500 sentences)
INFO:root:BLEU: 30.078546694928963, METEOR: 0.5732197925666249, WER: 52.1833, CER: 38.4816
INFO:root:Model NLLB_600M is successfully measured - TIME: 31.2579448223114, BLEU: 29.4747648446257, METEOR: 0.558618397405966, WER: 53.79815, CER: 39.78945
INFO:root:The fr translation using NLLB_600M is successfully completed in time 33.623496532440186 s (1500 sentences)
INFO:root:BLEU: 46.672259177016, METEOR: 0.7130019137497717, WER: 41.4328, CER: 27.8222
INFO:root:Model NLLB_600M is successfully measured - TIME: 32.046462059020996, BLEU: 35.207262955422465, METEOR: 0.6100795695205679, WER: 49.67636666666667, CER: 35.80036666666667
INFO:root:The hu translation using NLLB_600M is successfully completed in time 35.90144681930542 s (1500 sentences)
INFO:root:BLEU: 13.040852393930026, METEOR: 0.3577196352384186, WER: 72.6558, CER: 56.872
INFO:root:Model NLLB_600M is successfully measured - TIME: 33.0102082490921, BLEU: 29.665660315049355, METEOR: 0.5469895859500306, WER: 55.421225, CER: 41.068275
INFO:root:The pl translation using NLLB_600M is successfully completed in time 45.08737134933472 s (1500 sentences)
INFO:root:BLEU: 14.971840252650502, METEOR: 0.3786134199476208, WER: 70.6413, CER: 55.5301
INFO:root:Model NLLB_600M is successfully measured - TIME: 35.42564086914062, BLEU: 26.726896302569582, METEOR: 0.5133143527495486, WER: 58.465239999999994, CER: 43.96064
INFO:root:The es translation using NLLB_600M is successfully completed in time 27.08119535446167 s (1500 sentences)
INFO:root:BLEU: 46.085903156147566, METEOR: 0.7364354652405494, WER: 37.8488, CER: 26.4128
INFO:root:Model NLLB_600M is successfully measured - TIME: 34.034899950027466, BLEU: 29.95339744483258, METEOR: 0.5505012048313821, WER: 55.02916666666666, CER: 41.036
INFO:root:The sv translation using NLLB_600M is successfully completed in time 30.99767518043518 s (1500 sentences)
INFO:root:BLEU: 41.93250733177794, METEOR: 0.6658430292830617, WER: 40.0961, CER: 28.9266
INFO:root:Model NLLB_600M is successfully measured - TIME: 33.60101069722857, BLEU: 31.664698857253345, METEOR: 0.5669786083244792, WER: 52.89587142857142, CER: 39.306085714285715

{
    "NLLB_600M": {
        "all": {
            "loading_time": 6.491713762283325,
            "cs": {
                "time": 33.3080997467041,
                "score": {
                    "bleu": 28.870982994322436,
                    "meteor": 0.5440170022453071,
                    "wer": 55.413,
                    "cer": 41.0973
                }
            },
            "de": {
                "time": 29.2077898979187,
                "score": {
                    "bleu": 30.078546694928963,
                    "meteor": 0.5732197925666249,
                    "wer": 52.1833,
                    "cer": 38.4816
                }
            },
            "fr": {
                "time": 33.623496532440186,
                "score": {
                    "bleu": 46.672259177016,
                    "meteor": 0.7130019137497717,
                    "wer": 41.4328,
                    "cer": 27.8222
                }
            },
            "hu": {
                "time": 35.90144681930542,
                "score": {
                    "bleu": 13.040852393930026,
                    "meteor": 0.3577196352384186,
                    "wer": 72.6558,
                    "cer": 56.872
                }
            },
            "pl": {
                "time": 45.08737134933472,
                "score": {
                    "bleu": 14.971840252650502,
                    "meteor": 0.3786134199476208,
                    "wer": 70.6413,
                    "cer": 55.5301
                }
            },
            "es": {
                "time": 27.08119535446167,
                "score": {
                    "bleu": 46.085903156147566,
                    "meteor": 0.7364354652405494,
                    "wer": 37.8488,
                    "cer": 26.4128
                }
            },
            "sv": {
                "time": 30.99767518043518,
                "score": {
                    "bleu": 41.93250733177794,
                    "meteor": 0.6658430292830617,
                    "wer": 40.0961,
                    "cer": 28.9266
                }
            }
        },
        "time": 33.60101069722857,
        "bleu": 31.664698857253345,
        "meteor": 0.5669786083244792,
        "wer": 52.89587142857142,
        "cer": 39.306085714285715
    }
}

[nltk_data] Downloading package punkt to /home/lanz/nltk_data...
[nltk_data]   Package punkt is already up-to-date!
[nltk_data] Downloading package wordnet to /home/lanz/nltk_data...
[nltk_data]   Package wordnet is already up-to-date!
INFO:root:../models/nllb-200-distilled-1.3B model and tokenizer loaded
INFO:root:The loading time of model NLLB_1_3B_dis is 20.020984172821045 s
the `lang_code_to_id` attribute is deprecated. The logic is natively handled in the `tokenizer.adder_tokens_decoder` this attribute will be removed in `transformers` v4.38
INFO:root:The cs translation using NLLB_1_3B_dis is successfully completed in time 51.62467694282532 s (1500 sentences)
INFO:root:BLEU: 34.64651571268063, METEOR: 0.591083675253648, WER: 50.3536, CER: 37.6969
INFO:root:Model NLLB_1_3B_dis is successfully measured - TIME: 51.62467694282532, BLEU: 34.64651571268063, METEOR: 0.591083675253648, WER: 50.3536, CER: 37.6969
INFO:root:The de translation using NLLB_1_3B_dis is successfully completed in time 49.264528036117554 s (1500 sentences)
INFO:root:BLEU: 31.29876472521044, METEOR: 0.5849798572890716, WER: 51.1365, CER: 37.6028
INFO:root:Model NLLB_1_3B_dis is successfully measured - TIME: 50.444602489471436, BLEU: 32.972640218945536, METEOR: 0.5880317662713599, WER: 50.74505, CER: 37.64985
INFO:root:The fr translation using NLLB_1_3B_dis is successfully completed in time 51.3161563873291 s (1500 sentences)
INFO:root:BLEU: 47.64652697695886, METEOR: 0.7188391841807561, WER: 40.6696, CER: 27.0085
INFO:root:Model NLLB_1_3B_dis is successfully measured - TIME: 50.73512045542399, BLEU: 37.86393580494998, METEOR: 0.6316342389078252, WER: 47.38656666666666, CER: 34.10273333333333
INFO:root:The hu translation using NLLB_1_3B_dis is successfully completed in time 68.15922331809998 s (1500 sentences)
INFO:root:BLEU: 15.80121824266657, METEOR: 0.3947849337496996, WER: 69.7773, CER: 55.265
INFO:root:Model NLLB_1_3B_dis is successfully measured - TIME: 55.09114617109299, BLEU: 32.34825641437913, METEOR: 0.5724219126182939, WER: 52.984249999999996, CER: 39.393299999999996
INFO:root:The pl translation using NLLB_1_3B_dis is successfully completed in time 69.59802079200745 s (1500 sentences)
INFO:root:BLEU: 17.366493073503094, METEOR: 0.410034059888288, WER: 66.7017, CER: 52.3292
INFO:root:Model NLLB_1_3B_dis is successfully measured - TIME: 57.992521095275876, BLEU: 29.351903746203924, METEOR: 0.5399443420722927, WER: 55.72774, CER: 41.98048
INFO:root:The es translation using NLLB_1_3B_dis is successfully completed in time 45.8061044216156 s (1500 sentences)
INFO:root:BLEU: 47.618201842296756, METEOR: 0.7461573175533058, WER: 37.1213, CER: 26.2954
INFO:root:Model NLLB_1_3B_dis is successfully measured - TIME: 55.96145164966583, BLEU: 32.3962867622194, METEOR: 0.5743131713191283, WER: 52.626666666666665, CER: 39.3663
INFO:root:The sv translation using NLLB_1_3B_dis is successfully completed in time 49.09815573692322 s (1500 sentences)
INFO:root:BLEU: 44.95414103592169, METEOR: 0.6919869949345305, WER: 38.6335, CER: 27.5377
INFO:root:Model NLLB_1_3B_dis is successfully measured - TIME: 54.98098080498831, BLEU: 34.190265944176865, METEOR: 0.5911237175499, WER: 50.62764285714286, CER: 37.6765

{
    "NLLB_1_3B_dis": {
        "all": {
            "loading_time": 20.020984172821045,
            "cs": {
                "time": 51.62467694282532,
                "score": {
                    "bleu": 34.64651571268063,
                    "meteor": 0.591083675253648,
                    "wer": 50.3536,
                    "cer": 37.6969
                }
            },
            "de": {
                "time": 49.264528036117554,
                "score": {
                    "bleu": 31.29876472521044,
                    "meteor": 0.5849798572890716,
                    "wer": 51.1365,
                    "cer": 37.6028
                }
            },
            "fr": {
                "time": 51.3161563873291,
                "score": {
                    "bleu": 47.64652697695886,
                    "meteor": 0.7188391841807561,
                    "wer": 40.6696,
                    "cer": 27.0085
                }
            },
            "hu": {
                "time": 68.15922331809998,
                "score": {
                    "bleu": 15.80121824266657,
                    "meteor": 0.3947849337496996,
                    "wer": 69.7773,
                    "cer": 55.265
                }
            },
            "pl": {
                "time": 69.59802079200745,
                "score": {
                    "bleu": 17.366493073503094,
                    "meteor": 0.410034059888288,
                    "wer": 66.7017,
                    "cer": 52.3292
                }
            },
            "es": {
                "time": 45.8061044216156,
                "score": {
                    "bleu": 47.618201842296756,
                    "meteor": 0.7461573175533058,
                    "wer": 37.1213,
                    "cer": 26.2954
                }
            },
            "sv": {
                "time": 49.09815573692322,
                "score": {
                    "bleu": 44.95414103592169,
                    "meteor": 0.6919869949345305,
                    "wer": 38.6335,
                    "cer": 27.5377
                }
            }
        },
        "time": 54.98098080498831,
        "bleu": 34.190265944176865,
        "meteor": 0.5911237175499,
        "wer": 50.62764285714286,
        "cer": 37.6765
    }
}

[nltk_data] Downloading package punkt to /home/lanz/nltk_data...
[nltk_data]   Package punkt is already up-to-date!
[nltk_data] Downloading package wordnet to /home/lanz/nltk_data...
[nltk_data]   Package wordnet is already up-to-date!
INFO:root:../models/nllb-200-1.3B model and tokenizer loaded
INFO:root:The loading time of model NLLB_1_3B is 20.053815126419067 s
the `lang_code_to_id` attribute is deprecated. The logic is natively handled in the `tokenizer.adder_tokens_decoder` this attribute will be removed in `transformers` v4.38
INFO:root:The cs translation using NLLB_1_3B is successfully completed in time 51.312357902526855 s (1500 sentences)
INFO:root:BLEU: 33.0225573277624, METEOR: 0.583658978885339, WER: 51.6158, CER: 38.8109
INFO:root:Model NLLB_1_3B is successfully measured - TIME: 51.312357902526855, BLEU: 33.0225573277624, METEOR: 0.583658978885339, WER: 51.6158, CER: 38.8109
INFO:root:The de translation using NLLB_1_3B is successfully completed in time 49.53854274749756 s (1500 sentences)
INFO:root:BLEU: 31.398395200751796, METEOR: 0.5839062159485494, WER: 51.3256, CER: 37.8758
INFO:root:Model NLLB_1_3B is successfully measured - TIME: 50.42545032501221, BLEU: 32.210476264257096, METEOR: 0.5837825974169442, WER: 51.4707, CER: 38.34335
INFO:root:The fr translation using NLLB_1_3B is successfully completed in time 51.67666506767273 s (1500 sentences)
INFO:root:BLEU: 48.16821763948371, METEOR: 0.7224115600138774, WER: 39.9311, CER: 26.9404
INFO:root:Model NLLB_1_3B is successfully measured - TIME: 50.84252190589905, BLEU: 37.52972338933264, METEOR: 0.6299922516159219, WER: 47.62416666666667, CER: 34.542366666666666
INFO:root:The hu translation using NLLB_1_3B is successfully completed in time 55.54024577140808 s (1500 sentences)
INFO:root:BLEU: 15.29400138942312, METEOR: 0.38991799760424417, WER: 69.6214, CER: 54.8981
INFO:root:Model NLLB_1_3B is successfully measured - TIME: 52.016952872276306, BLEU: 31.970792889355256, METEOR: 0.5699736881130024, WER: 53.123475, CER: 39.631299999999996
INFO:root:The pl translation using NLLB_1_3B is successfully completed in time 93.32842898368835 s (1500 sentences)
INFO:root:BLEU: 16.939886093480638, METEOR: 0.40700769820024213, WER: 68.0723, CER: 53.832
INFO:root:Model NLLB_1_3B is successfully measured - TIME: 60.27924809455872, BLEU: 28.96461153018033, METEOR: 0.5373804901304504, WER: 56.11324, CER: 42.471439999999994
INFO:root:The es translation using NLLB_1_3B is successfully completed in time 45.8693151473999 s (1500 sentences)
INFO:root:BLEU: 47.18734692533625, METEOR: 0.7475608393463943, WER: 37.4408, CER: 26.4731
INFO:root:Model NLLB_1_3B is successfully measured - TIME: 57.87759260336558, BLEU: 32.00173409603965, METEOR: 0.5724105483331077, WER: 53.00116666666667, CER: 39.805049999999994
INFO:root:The sv translation using NLLB_1_3B is successfully completed in time 43.37396049499512 s (1500 sentences)
INFO:root:BLEU: 45.31287030440607, METEOR: 0.6920270345431907, WER: 37.3207, CER: 26.7676
INFO:root:Model NLLB_1_3B is successfully measured - TIME: 55.805645159312654, BLEU: 33.90332498294914, METEOR: 0.5894986177916909, WER: 50.7611, CER: 37.94255714285714

{
    "NLLB_1_3B": {
        "all": {
            "loading_time": 20.053815126419067,
            "cs": {
                "time": 51.312357902526855,
                "score": {
                    "bleu": 33.0225573277624,
                    "meteor": 0.583658978885339,
                    "wer": 51.6158,
                    "cer": 38.8109
                }
            },
            "de": {
                "time": 49.53854274749756,
                "score": {
                    "bleu": 31.398395200751796,
                    "meteor": 0.5839062159485494,
                    "wer": 51.3256,
                    "cer": 37.8758
                }
            },
            "fr": {
                "time": 51.67666506767273,
                "score": {
                    "bleu": 48.16821763948371,
                    "meteor": 0.7224115600138774,
                    "wer": 39.9311,
                    "cer": 26.9404
                }
            },
            "hu": {
                "time": 55.54024577140808,
                "score": {
                    "bleu": 15.29400138942312,
                    "meteor": 0.38991799760424417,
                    "wer": 69.6214,
                    "cer": 54.8981
                }
            },
            "pl": {
                "time": 93.32842898368835,
                "score": {
                    "bleu": 16.939886093480638,
                    "meteor": 0.40700769820024213,
                    "wer": 68.0723,
                    "cer": 53.832
                }
            },
            "es": {
                "time": 45.8693151473999,
                "score": {
                    "bleu": 47.18734692533625,
                    "meteor": 0.7475608393463943,
                    "wer": 37.4408,
                    "cer": 26.4731
                }
            },
            "sv": {
                "time": 43.37396049499512,
                "score": {
                    "bleu": 45.31287030440607,
                    "meteor": 0.6920270345431907,
                    "wer": 37.3207,
                    "cer": 26.7676
                }
            }
        },
        "time": 55.805645159312654,
        "bleu": 33.90332498294914,
        "meteor": 0.5894986177916909,
        "wer": 50.7611,
        "cer": 37.94255714285714
    }
}

[nltk_data] Downloading package punkt to /home/lanz/nltk_data...
[nltk_data]   Package punkt is already up-to-date!
[nltk_data] Downloading package wordnet to /home/lanz/nltk_data...
[nltk_data]   Package wordnet is already up-to-date!
INFO:root:../models/madlad400-3b-mt model and tokenizer loaded
INFO:root:The loading time of model MadLad_3B is 18.041724681854248 s
INFO:root:The cs translation using MadLad_3B is successfully completed in time 95.3731586933136 s (1500 sentences)
INFO:root:BLEU: 38.85486292161202, METEOR: 0.6367090321474118, WER: 45.9129, CER: 34.7092
INFO:root:Model MadLad_3B is successfully measured - TIME: 95.3731586933136, BLEU: 38.85486292161202, METEOR: 0.6367090321474118, WER: 45.9129, CER: 34.7092
INFO:root:The de translation using MadLad_3B is successfully completed in time 96.2539415359497 s (1500 sentences)
INFO:root:BLEU: 34.42876921903659, METEOR: 0.6110116927830863, WER: 49.0331, CER: 35.944
INFO:root:Model MadLad_3B is successfully measured - TIME: 95.81355011463165, BLEU: 36.6418160703243, METEOR: 0.623860362465249, WER: 47.473, CER: 35.3266
INFO:root:The fr translation using MadLad_3B is successfully completed in time 99.53774642944336 s (1500 sentences)
INFO:root:BLEU: 49.21098061143924, METEOR: 0.7307214489566204, WER: 40.325, CER: 26.7151
INFO:root:Model MadLad_3B is successfully measured - TIME: 97.05494888623555, BLEU: 40.831537584029284, METEOR: 0.6594807246290394, WER: 45.09033333333334, CER: 32.4561
INFO:root:The hu translation using MadLad_3B is successfully completed in time 127.29463148117065 s (1500 sentences)
INFO:root:BLEU: 19.40725521498316, METEOR: 0.4403192951213003, WER: 65.3677, CER: 52.3321
INFO:root:Model MadLad_3B is successfully measured - TIME: 104.61486953496933, BLEU: 35.47546699176775, METEOR: 0.6046903672521047, WER: 50.15967500000001, CER: 37.4251
INFO:root:The pl translation using MadLad_3B is successfully completed in time 102.33333158493042 s (1500 sentences)
INFO:root:BLEU: 20.46385229421492, METEOR: 0.45446806232295406, WER: 62.3255, CER: 48.1083
INFO:root:Model MadLad_3B is successfully measured - TIME: 104.15856194496155, BLEU: 32.47314405225718, METEOR: 0.5746459062662745, WER: 52.59284, CER: 39.56174
INFO:root:The es translation using MadLad_3B is successfully completed in time 87.70783591270447 s (1500 sentences)
INFO:root:BLEU: 49.04749614077329, METEOR: 0.7596310710321993, WER: 35.7033, CER: 25.1898
INFO:root:Model MadLad_3B is successfully measured - TIME: 101.4167742729187, BLEU: 35.23553606700987, METEOR: 0.6054767670605954, WER: 49.77791666666667, CER: 37.16641666666666
INFO:root:The sv translation using MadLad_3B is successfully completed in time 84.19155073165894 s (1500 sentences)
INFO:root:BLEU: 52.336486136595596, METEOR: 0.7479830912737765, WER: 31.4006, CER: 23.0695
INFO:root:Model MadLad_3B is successfully measured - TIME: 98.95602805273873, BLEU: 37.67852893409354, METEOR: 0.6258348133767642, WER: 47.15258571428571, CER: 35.15257142857143

{
    "MadLad_3B": {
        "all": {
            "loading_time": 18.041724681854248,
            "cs": {
                "time": 95.3731586933136,
                "score": {
                    "bleu": 38.85486292161202,
                    "meteor": 0.6367090321474118,
                    "wer": 45.9129,
                    "cer": 34.7092
                }
            },
            "de": {
                "time": 96.2539415359497,
                "score": {
                    "bleu": 34.42876921903659,
                    "meteor": 0.6110116927830863,
                    "wer": 49.0331,
                    "cer": 35.944
                }
            },
            "fr": {
                "time": 99.53774642944336,
                "score": {
                    "bleu": 49.21098061143924,
                    "meteor": 0.7307214489566204,
                    "wer": 40.325,
                    "cer": 26.7151
                }
            },
            "hu": {
                "time": 127.29463148117065,
                "score": {
                    "bleu": 19.40725521498316,
                    "meteor": 0.4403192951213003,
                    "wer": 65.3677,
                    "cer": 52.3321
                }
            },
            "pl": {
                "time": 102.33333158493042,
                "score": {
                    "bleu": 20.46385229421492,
                    "meteor": 0.45446806232295406,
                    "wer": 62.3255,
                    "cer": 48.1083
                }
            },
            "es": {
                "time": 87.70783591270447,
                "score": {
                    "bleu": 49.04749614077329,
                    "meteor": 0.7596310710321993,
                    "wer": 35.7033,
                    "cer": 25.1898
                }
            },
            "sv": {
                "time": 84.19155073165894,
                "score": {
                    "bleu": 52.336486136595596,
                    "meteor": 0.7479830912737765,
                    "wer": 31.4006,
                    "cer": 23.0695
                }
            }
        },
        "time": 98.95602805273873,
        "bleu": 37.67852893409354,
        "meteor": 0.6258348133767642,
        "wer": 47.15258571428571,
        "cer": 35.15257142857143
    }
}

[nltk_data] Downloading package punkt to /home/lanz/nltk_data...
[nltk_data]   Package punkt is already up-to-date!
[nltk_data] Downloading package wordnet to /home/lanz/nltk_data...
[nltk_data]   Package wordnet is already up-to-date!

Loading checkpoint shards:   0%|          | 0/3 [00:00<?, ?it/s]
Loading checkpoint shards:  33%|███▎      | 1/3 [00:13<00:27, 13.98s/it]
Loading checkpoint shards:  67%|██████▋   | 2/3 [00:32<00:16, 16.81s/it]
Loading checkpoint shards: 100%|██████████| 3/3 [00:34<00:00, 10.10s/it]
Loading checkpoint shards: 100%|██████████| 3/3 [00:34<00:00, 11.63s/it]
INFO:root:../models/nllb-200-3.3B model and tokenizer loaded
INFO:root:The loading time of model NLLB_3_3B is 40.13287806510925 s
the `lang_code_to_id` attribute is deprecated. The logic is natively handled in the `tokenizer.adder_tokens_decoder` this attribute will be removed in `transformers` v4.38
INFO:root:The cs translation using NLLB_3_3B is successfully completed in time 81.49215984344482 s (1500 sentences)
INFO:root:BLEU: 35.039179859401166, METEOR: 0.6017994923021949, WER: 49.9682, CER: 37.3236
INFO:root:Model NLLB_3_3B is successfully measured - TIME: 81.49215984344482, BLEU: 35.039179859401166, METEOR: 0.6017994923021949, WER: 49.9682, CER: 37.3236
INFO:root:The de translation using NLLB_3_3B is successfully completed in time 86.63352584838867 s (1500 sentences)
INFO:root:BLEU: 32.58792769704121, METEOR: 0.5948724203103214, WER: 50.9539, CER: 37.4369
INFO:root:Model NLLB_3_3B is successfully measured - TIME: 84.06284284591675, BLEU: 33.81355377822119, METEOR: 0.5983359563062581, WER: 50.46105, CER: 37.380250000000004
INFO:root:The fr translation using NLLB_3_3B is successfully completed in time 89.56384134292603 s (1500 sentences)
INFO:root:BLEU: 47.98990722041031, METEOR: 0.7217897401220512, WER: 40.6806, CER: 27.1661
INFO:root:Model NLLB_3_3B is successfully measured - TIME: 85.8965090115865, BLEU: 38.53900492561757, METEOR: 0.6394872175781892, WER: 47.2009, CER: 33.97553333333334
INFO:root:The hu translation using NLLB_3_3B is successfully completed in time 89.51793217658997 s (1500 sentences)
INFO:root:BLEU: 16.962382404421618, METEOR: 0.4114016518745715, WER: 68.3675, CER: 53.6165
INFO:root:Model NLLB_3_3B is successfully measured - TIME: 86.80186480283737, BLEU: 33.14484929531858, METEOR: 0.5824658261522847, WER: 52.49255, CER: 38.885775
INFO:root:The pl translation using NLLB_3_3B is successfully completed in time 90.50107860565186 s (1500 sentences)
INFO:root:BLEU: 18.409093165984537, METEOR: 0.42644179233613067, WER: 65.363, CER: 50.7337
INFO:root:Model NLLB_3_3B is successfully measured - TIME: 87.54170756340027, BLEU: 30.197698069451768, METEOR: 0.5512610193890539, WER: 55.06664000000001, CER: 41.25536
INFO:root:The es translation using NLLB_3_3B is successfully completed in time 80.14599967002869 s (1500 sentences)
INFO:root:BLEU: 48.05024495720906, METEOR: 0.7533890248785073, WER: 36.8388, CER: 26.0477
INFO:root:Model NLLB_3_3B is successfully measured - TIME: 86.30908958117168, BLEU: 33.17312255074465, METEOR: 0.5849490203039628, WER: 52.02866666666667, CER: 38.72075
INFO:root:The sv translation using NLLB_3_3B is successfully completed in time 74.62935256958008 s (1500 sentences)
INFO:root:BLEU: 46.972458417085704, METEOR: 0.7058610624550019, WER: 36.5545, CER: 26.1655
INFO:root:Model NLLB_3_3B is successfully measured - TIME: 84.64055572237287, BLEU: 35.14445624593623, METEOR: 0.6022221691826826, WER: 49.818071428571436, CER: 36.92714285714286

{
    "NLLB_3_3B": {
        "all": {
            "loading_time": 40.13287806510925,
            "cs": {
                "time": 81.49215984344482,
                "score": {
                    "bleu": 35.039179859401166,
                    "meteor": 0.6017994923021949,
                    "wer": 49.9682,
                    "cer": 37.3236
                }
            },
            "de": {
                "time": 86.63352584838867,
                "score": {
                    "bleu": 32.58792769704121,
                    "meteor": 0.5948724203103214,
                    "wer": 50.9539,
                    "cer": 37.4369
                }
            },
            "fr": {
                "time": 89.56384134292603,
                "score": {
                    "bleu": 47.98990722041031,
                    "meteor": 0.7217897401220512,
                    "wer": 40.6806,
                    "cer": 27.1661
                }
            },
            "hu": {
                "time": 89.51793217658997,
                "score": {
                    "bleu": 16.962382404421618,
                    "meteor": 0.4114016518745715,
                    "wer": 68.3675,
                    "cer": 53.6165
                }
            },
            "pl": {
                "time": 90.50107860565186,
                "score": {
                    "bleu": 18.409093165984537,
                    "meteor": 0.42644179233613067,
                    "wer": 65.363,
                    "cer": 50.7337
                }
            },
            "es": {
                "time": 80.14599967002869,
                "score": {
                    "bleu": 48.05024495720906,
                    "meteor": 0.7533890248785073,
                    "wer": 36.8388,
                    "cer": 26.0477
                }
            },
            "sv": {
                "time": 74.62935256958008,
                "score": {
                    "bleu": 46.972458417085704,
                    "meteor": 0.7058610624550019,
                    "wer": 36.5545,
                    "cer": 26.1655
                }
            }
        },
        "time": 84.64055572237287,
        "bleu": 35.14445624593623,
        "meteor": 0.6022221691826826,
        "wer": 49.818071428571436,
        "cer": 36.92714285714286
    }
}

[nltk_data] Downloading package punkt to /home/lanz/nltk_data...
[nltk_data]   Package punkt is already up-to-date!
[nltk_data] Downloading package wordnet to /home/lanz/nltk_data...
[nltk_data]   Package wordnet is already up-to-date!
INFO:root:The loading time of model LINDAT is 6.67572021484375e-06 s
INFO:root:The cs translation using LINDAT is successfully completed in time 798.9350552558899 s (1500 sentences)
INFO:root:BLEU: 39.04113894532434, METEOR: 0.6337021287460698, WER: 45.5593, CER: 34.5512
INFO:root:Model LINDAT is successfully measured - TIME: 798.9350552558899, BLEU: 39.04113894532434, METEOR: 0.6337021287460698, WER: 45.5593, CER: 34.5512
INFO:root:The de translation using LINDAT is successfully completed in time 840.1619896888733 s (1500 sentences)
INFO:root:BLEU: 30.772011577919166, METEOR: 0.5785151163053658, WER: 52.6855, CER: 38.2428
INFO:root:Model LINDAT is successfully measured - TIME: 819.5485224723816, BLEU: 34.906575261621754, METEOR: 0.6061086225257177, WER: 49.1224, CER: 36.397000000000006
INFO:root:The fr translation using LINDAT is successfully completed in time 937.4088187217712 s (1500 sentences)
INFO:root:BLEU: 47.277364691773755, METEOR: 0.7144464391752655, WER: 39.6466, CER: 27.9042
INFO:root:Model LINDAT is successfully measured - TIME: 858.8352878888448, BLEU: 39.030171738339085, METEOR: 0.642221228075567, WER: 45.9638, CER: 33.56606666666667
INFO:root:The hu translation using LINDAT is successfully completed in time 0.0004260540008544922 s (1500 sentences)
INFO:root:BLEU: 0.0, METEOR: 0.0, WER: 100.0, CER: 100.0
INFO:root:Model LINDAT is successfully measured - TIME: 644.1265724301338, BLEU: 29.272628803754316, METEOR: 0.4816659210566753, WER: 59.47285, CER: 50.17455
INFO:root:The pl translation using LINDAT is successfully completed in time 777.981644153595 s (1500 sentences)
INFO:root:BLEU: 17.865104794299807, METEOR: 0.41631833855531575, WER: 65.1049, CER: 50.2417
INFO:root:Model LINDAT is successfully measured - TIME: 670.8975867748261, BLEU: 26.991124001863415, METEOR: 0.4685964045564034, WER: 60.59926, CER: 50.18798
INFO:root:The es translation using LINDAT is successfully completed in time 0.0004215240478515625 s (1500 sentences)
INFO:root:BLEU: 0.0, METEOR: 0.0, WER: 100.0, CER: 100.0
INFO:root:Model LINDAT is successfully measured - TIME: 559.081392566363, BLEU: 22.49260333488618, METEOR: 0.3904970037970028, WER: 67.16605, CER: 58.489983333333335
INFO:root:The sv translation using LINDAT is successfully completed in time 0.0003662109375 s (1500 sentences)
INFO:root:BLEU: 0.0, METEOR: 0.0, WER: 100.0, CER: 100.0
INFO:root:Model LINDAT is successfully measured - TIME: 479.21267451558793, BLEU: 19.279374287045297, METEOR: 0.3347117175402881, WER: 71.85661428571429, CER: 64.41998571428572

{
    "LINDAT": {
        "all": {
            "loading_time": 6.67572021484375e-06,
            "cs": {
                "time": 798.9350552558899,
                "score": {
                    "bleu": 39.04113894532434,
                    "meteor": 0.6337021287460698,
                    "wer": 45.5593,
                    "cer": 34.5512
                }
            },
            "de": {
                "time": 840.1619896888733,
                "score": {
                    "bleu": 30.772011577919166,
                    "meteor": 0.5785151163053658,
                    "wer": 52.6855,
                    "cer": 38.2428
                }
            },
            "fr": {
                "time": 937.4088187217712,
                "score": {
                    "bleu": 47.277364691773755,
                    "meteor": 0.7144464391752655,
                    "wer": 39.6466,
                    "cer": 27.9042
                }
            },
            "hu": {
                "time": 0.0004260540008544922,
                "score": {
                    "bleu": 0.0,
                    "meteor": 0.0,
                    "wer": 100.0,
                    "cer": 100.0
                }
            },
            "pl": {
                "time": 777.981644153595,
                "score": {
                    "bleu": 17.865104794299807,
                    "meteor": 0.41631833855531575,
                    "wer": 65.1049,
                    "cer": 50.2417
                }
            },
            "es": {
                "time": 0.0004215240478515625,
                "score": {
                    "bleu": 0.0,
                    "meteor": 0.0,
                    "wer": 100.0,
                    "cer": 100.0
                }
            },
            "sv": {
                "time": 0.0003662109375,
                "score": {
                    "bleu": 0.0,
                    "meteor": 0.0,
                    "wer": 100.0,
                    "cer": 100.0
                }
            }
        },
        "time": 479.21267451558793,
        "bleu": 19.279374287045297,
        "meteor": 0.3347117175402881,
        "wer": 71.85661428571429,
        "cer": 64.41998571428572
    }
}

[nltk_data] Downloading package punkt to /home/lanz/nltk_data...
[nltk_data]   Package punkt is already up-to-date!
[nltk_data] Downloading package wordnet to /home/lanz/nltk_data...
[nltk_data]   Package wordnet is already up-to-date!
The `load_in_4bit` and `load_in_8bit` arguments are deprecated and will be removed in the future versions. Please, pass a `BitsAndBytesConfig` object in `quantization_config` argument instead.

Loading checkpoint shards:   0%|          | 0/7 [00:00<?, ?it/s]
Loading checkpoint shards:  14%|█▍        | 1/7 [01:16<07:38, 76.45s/it]
Loading checkpoint shards:  29%|██▊       | 2/7 [02:06<05:04, 60.89s/it]
Loading checkpoint shards:  43%|████▎     | 3/7 [03:10<04:09, 62.30s/it]
Loading checkpoint shards:  57%|█████▋    | 4/7 [04:22<03:18, 66.33s/it]
Loading checkpoint shards:  71%|███████▏  | 5/7 [05:21<02:06, 63.46s/it]
Loading checkpoint shards:  86%|████████▌ | 6/7 [06:43<01:09, 69.74s/it]
Loading checkpoint shards: 100%|██████████| 7/7 [07:43<00:00, 66.51s/it]
Loading checkpoint shards: 100%|██████████| 7/7 [07:43<00:00, 66.16s/it]
INFO:root:../models/madlad400-7b-mt model and tokenizer loaded
INFO:root:The loading time of model MadLad_7B is 471.66785860061646 s
/home/lanz/.local/lib/python3.10/site-packages/bitsandbytes/nn/modules.py:226: UserWarning: Input type into Linear4bit is torch.float16, but bnb_4bit_compute_type=torch.float32 (default). This will lead to slow inference or training speed.
  warnings.warn(f'Input type into Linear4bit is torch.float16, but bnb_4bit_compute_type=torch.float32 (default). This will lead to slow inference or training speed.')
INFO:root:The cs translation using MadLad_7B is successfully completed in time 295.91828632354736 s (1500 sentences)
INFO:root:BLEU: 38.77141367940837, METEOR: 0.6340783619631029, WER: 46.1462, CER: 35.0148
INFO:root:Model MadLad_7B is successfully measured - TIME: 295.91828632354736, BLEU: 38.77141367940837, METEOR: 0.6340783619631029, WER: 46.1462, CER: 35.0148
INFO:root:The de translation using MadLad_7B is successfully completed in time 299.5397129058838 s (1500 sentences)
INFO:root:BLEU: 34.46928509460581, METEOR: 0.6130421847418991, WER: 49.1635, CER: 36.0698
INFO:root:Model MadLad_7B is successfully measured - TIME: 297.7289996147156, BLEU: 36.62034938700709, METEOR: 0.623560273352501, WER: 47.654849999999996, CER: 35.5423
INFO:root:The fr translation using MadLad_7B is successfully completed in time 310.4036614894867 s (1500 sentences)
INFO:root:BLEU: 48.930454332511175, METEOR: 0.7305478645037965, WER: 41.0307, CER: 26.8705
INFO:root:Model MadLad_7B is successfully measured - TIME: 301.95388690630597, BLEU: 40.723717702175115, METEOR: 0.6592228037362662, WER: 45.446799999999996, CER: 32.6517
INFO:root:The hu translation using MadLad_7B is successfully completed in time 313.19064259529114 s (1500 sentences)
INFO:root:BLEU: 20.48232600932612, METEOR: 0.4517003546596555, WER: 64.8931, CER: 51.3302
INFO:root:Model MadLad_7B is successfully measured - TIME: 304.76307582855225, BLEU: 35.66336977896287, METEOR: 0.6073421914671135, WER: 50.308375, CER: 37.321324999999995
INFO:root:The pl translation using MadLad_7B is successfully completed in time 320.19532656669617 s (1500 sentences)
INFO:root:BLEU: 20.947730846963815, METEOR: 0.45975769821112433, WER: 61.7996, CER: 47.6713
INFO:root:Model MadLad_7B is successfully measured - TIME: 307.84952597618104, BLEU: 32.72024199256306, METEOR: 0.5778252928159157, WER: 52.60662, CER: 39.39131999999999
INFO:root:The es translation using MadLad_7B is successfully completed in time 278.2021484375 s (1500 sentences)
INFO:root:BLEU: 48.549343379865604, METEOR: 0.7555278151703121, WER: 36.2739, CER: 25.7164
INFO:root:Model MadLad_7B is successfully measured - TIME: 302.9082963864009, BLEU: 35.358425557113485, METEOR: 0.6074423798749817, WER: 49.8845, CER: 37.11216666666666
INFO:root:The sv translation using MadLad_7B is successfully completed in time 302.40532875061035 s (1500 sentences)
INFO:root:BLEU: 51.4181377793778, METEOR: 0.7402219632126089, WER: 32.7622, CER: 24.2094
INFO:root:Model MadLad_7B is successfully measured - TIME: 302.83644386700223, BLEU: 37.6526701602941, METEOR: 0.626410891780357, WER: 47.438457142857146, CER: 35.26891428571428

{
    "MadLad_7B": {
        "all": {
            "loading_time": 471.66785860061646,
            "cs": {
                "time": 295.91828632354736,
                "score": {
                    "bleu": 38.77141367940837,
                    "meteor": 0.6340783619631029,
                    "wer": 46.1462,
                    "cer": 35.0148
                }
            },
            "de": {
                "time": 299.5397129058838,
                "score": {
                    "bleu": 34.46928509460581,
                    "meteor": 0.6130421847418991,
                    "wer": 49.1635,
                    "cer": 36.0698
                }
            },
            "fr": {
                "time": 310.4036614894867,
                "score": {
                    "bleu": 48.930454332511175,
                    "meteor": 0.7305478645037965,
                    "wer": 41.0307,
                    "cer": 26.8705
                }
            },
            "hu": {
                "time": 313.19064259529114,
                "score": {
                    "bleu": 20.48232600932612,
                    "meteor": 0.4517003546596555,
                    "wer": 64.8931,
                    "cer": 51.3302
                }
            },
            "pl": {
                "time": 320.19532656669617,
                "score": {
                    "bleu": 20.947730846963815,
                    "meteor": 0.45975769821112433,
                    "wer": 61.7996,
                    "cer": 47.6713
                }
            },
            "es": {
                "time": 278.2021484375,
                "score": {
                    "bleu": 48.549343379865604,
                    "meteor": 0.7555278151703121,
                    "wer": 36.2739,
                    "cer": 25.7164
                }
            },
            "sv": {
                "time": 302.40532875061035,
                "score": {
                    "bleu": 51.4181377793778,
                    "meteor": 0.7402219632126089,
                    "wer": 32.7622,
                    "cer": 24.2094
                }
            }
        },
        "time": 302.83644386700223,
        "bleu": 37.6526701602941,
        "meteor": 0.626410891780357,
        "wer": 47.438457142857146,
        "cer": 35.26891428571428
    }
}

[nltk_data] Downloading package punkt to /home/lanz/nltk_data...
[nltk_data]   Package punkt is already up-to-date!
[nltk_data] Downloading package wordnet to /home/lanz/nltk_data...
[nltk_data]   Package wordnet is already up-to-date!
The `load_in_4bit` and `load_in_8bit` arguments are deprecated and will be removed in the future versions. Please, pass a `BitsAndBytesConfig` object in `quantization_config` argument instead.

Loading checkpoint shards:   0%|          | 0/9 [00:00<?, ?it/s]
Loading checkpoint shards:  11%|█         | 1/9 [01:33<12:30, 93.86s/it]
Loading checkpoint shards:  22%|██▏       | 2/9 [02:36<08:48, 75.48s/it]
Loading checkpoint shards:  33%|███▎      | 3/9 [03:42<07:06, 71.15s/it]
Loading checkpoint shards:  44%|████▍     | 4/9 [04:30<05:10, 62.01s/it]
Loading checkpoint shards:  56%|█████▌    | 5/9 [05:33<04:08, 62.22s/it]
Loading checkpoint shards:  67%|██████▋   | 6/9 [06:45<03:17, 65.75s/it]
Loading checkpoint shards:  78%|███████▊  | 7/9 [08:03<02:19, 69.55s/it]
Loading checkpoint shards:  89%|████████▉ | 8/9 [09:14<01:10, 70.23s/it]
Loading checkpoint shards: 100%|██████████| 9/9 [09:55<00:00, 60.90s/it]
Loading checkpoint shards: 100%|██████████| 9/9 [09:55<00:00, 66.12s/it]
INFO:root:../models/madlad400-10b-mt model and tokenizer loaded
INFO:root:The loading time of model MadLad_10B is 601.7566018104553 s
/home/lanz/.local/lib/python3.10/site-packages/bitsandbytes/nn/modules.py:226: UserWarning: Input type into Linear4bit is torch.float16, but bnb_4bit_compute_type=torch.float32 (default). This will lead to slow inference or training speed.
  warnings.warn(f'Input type into Linear4bit is torch.float16, but bnb_4bit_compute_type=torch.float32 (default). This will lead to slow inference or training speed.')
INFO:root:The cs translation using MadLad_10B is successfully completed in time 323.22509813308716 s (1500 sentences)
INFO:root:BLEU: 39.277287012038805, METEOR: 0.6394028799579193, WER: 45.6053, CER: 34.3822
INFO:root:Model MadLad_10B is successfully measured - TIME: 323.22509813308716, BLEU: 39.277287012038805, METEOR: 0.6394028799579193, WER: 45.6053, CER: 34.3822
INFO:root:The de translation using MadLad_10B is successfully completed in time 326.0384724140167 s (1500 sentences)
INFO:root:BLEU: 34.69525049159765, METEOR: 0.6101144615009976, WER: 49.0298, CER: 35.7822
INFO:root:Model MadLad_10B is successfully measured - TIME: 324.63178527355194, BLEU: 36.98626875181823, METEOR: 0.6247586707294585, WER: 47.31755, CER: 35.0822
INFO:root:The fr translation using MadLad_10B is successfully completed in time 339.97524762153625 s (1500 sentences)
INFO:root:BLEU: 49.877187563528594, METEOR: 0.7364342928444939, WER: 39.4633, CER: 26.3995
INFO:root:Model MadLad_10B is successfully measured - TIME: 329.74627272288006, BLEU: 41.28324168905502, METEOR: 0.6619838781011369, WER: 44.699466666666666, CER: 32.18796666666667
INFO:root:The hu translation using MadLad_10B is successfully completed in time 351.0889790058136 s (1500 sentences)
INFO:root:BLEU: 19.936626819405316, METEOR: 0.4479835870552912, WER: 64.4255, CER: 51.2873
INFO:root:Model MadLad_10B is successfully measured - TIME: 335.08194929361343, BLEU: 35.94658797164259, METEOR: 0.6084838053396755, WER: 49.630975, CER: 36.9628
INFO:root:The pl translation using MadLad_10B is successfully completed in time 350.6122691631317 s (1500 sentences)
INFO:root:BLEU: 20.500200975678332, METEOR: 0.4546356907283755, WER: 62.1024, CER: 47.9007
INFO:root:Model MadLad_10B is successfully measured - TIME: 338.1880132675171, BLEU: 32.85731057244974, METEOR: 0.5777141824174155, WER: 52.125260000000004, CER: 39.15038
INFO:root:The es translation using MadLad_10B is successfully completed in time 305.52431201934814 s (1500 sentences)
INFO:root:BLEU: 48.27019054498696, METEOR: 0.7545248002717792, WER: 36.4765, CER: 25.6932
INFO:root:Model MadLad_10B is successfully measured - TIME: 332.74406305948895, BLEU: 35.42612390120595, METEOR: 0.607182618726476, WER: 49.517133333333334, CER: 36.907516666666666
INFO:root:The sv translation using MadLad_10B is successfully completed in time 291.06118607521057 s (1500 sentences)
INFO:root:BLEU: 51.82316828297947, METEOR: 0.7436639095269102, WER: 31.7802, CER: 23.1411
INFO:root:Model MadLad_10B is successfully measured - TIME: 326.7893663474492, BLEU: 37.768558812887875, METEOR: 0.6266799459836809, WER: 46.983285714285714, CER: 34.94088571428571

{
    "MadLad_10B": {
        "all": {
            "loading_time": 601.7566018104553,
            "cs": {
                "time": 323.22509813308716,
                "score": {
                    "bleu": 39.277287012038805,
                    "meteor": 0.6394028799579193,
                    "wer": 45.6053,
                    "cer": 34.3822
                }
            },
            "de": {
                "time": 326.0384724140167,
                "score": {
                    "bleu": 34.69525049159765,
                    "meteor": 0.6101144615009976,
                    "wer": 49.0298,
                    "cer": 35.7822
                }
            },
            "fr": {
                "time": 339.97524762153625,
                "score": {
                    "bleu": 49.877187563528594,
                    "meteor": 0.7364342928444939,
                    "wer": 39.4633,
                    "cer": 26.3995
                }
            },
            "hu": {
                "time": 351.0889790058136,
                "score": {
                    "bleu": 19.936626819405316,
                    "meteor": 0.4479835870552912,
                    "wer": 64.4255,
                    "cer": 51.2873
                }
            },
            "pl": {
                "time": 350.6122691631317,
                "score": {
                    "bleu": 20.500200975678332,
                    "meteor": 0.4546356907283755,
                    "wer": 62.1024,
                    "cer": 47.9007
                }
            },
            "es": {
                "time": 305.52431201934814,
                "score": {
                    "bleu": 48.27019054498696,
                    "meteor": 0.7545248002717792,
                    "wer": 36.4765,
                    "cer": 25.6932
                }
            },
            "sv": {
                "time": 291.06118607521057,
                "score": {
                    "bleu": 51.82316828297947,
                    "meteor": 0.7436639095269102,
                    "wer": 31.7802,
                    "cer": 23.1411
                }
            }
        },
        "time": 326.7893663474492,
        "bleu": 37.768558812887875,
        "meteor": 0.6266799459836809,
        "wer": 46.983285714285714,
        "cer": 34.94088571428571
    }
}

[nltk_data] Downloading package punkt to /home/lanz/nltk_data...
[nltk_data]   Package punkt is already up-to-date!
[nltk_data] Downloading package wordnet to /home/lanz/nltk_data...
[nltk_data]   Package wordnet is already up-to-date!
The `load_in_4bit` and `load_in_8bit` arguments are deprecated and will be removed in the future versions. Please, pass a `BitsAndBytesConfig` object in `quantization_config` argument instead.

Loading checkpoint shards:   0%|          | 0/23 [00:00<?, ?it/s]
Loading checkpoint shards:   4%|▍         | 1/23 [01:52<41:20, 112.73s/it]
Loading checkpoint shards:   9%|▊         | 2/23 [04:29<48:36, 138.90s/it]
Loading checkpoint shards:  13%|█▎        | 3/23 [06:21<42:07, 126.35s/it]
Loading checkpoint shards:  17%|█▋        | 4/23 [09:41<49:16, 155.61s/it]
Loading checkpoint shards:  22%|██▏       | 5/23 [12:15<46:30, 155.04s/it]
Loading checkpoint shards:  26%|██▌       | 6/23 [15:00<44:49, 158.22s/it]
Loading checkpoint shards:  30%|███       | 7/23 [17:23<40:53, 153.33s/it]
Loading checkpoint shards:  35%|███▍      | 8/23 [20:29<40:57, 163.85s/it]
Loading checkpoint shards:  39%|███▉      | 9/23 [23:02<37:25, 160.42s/it]
Loading checkpoint shards:  43%|████▎     | 10/23 [26:03<36:05, 166.60s/it]
Loading checkpoint shards:  48%|████▊     | 11/23 [29:16<34:58, 174.91s/it]
Loading checkpoint shards:  52%|█████▏    | 12/23 [32:36<33:25, 182.33s/it]
Loading checkpoint shards:  57%|█████▋    | 13/23 [35:44<30:39, 183.98s/it]
Loading checkpoint shards:  61%|██████    | 14/23 [38:57<28:01, 186.79s/it]
Loading checkpoint shards:  65%|██████▌   | 15/23 [41:41<24:00, 180.11s/it]
Loading checkpoint shards:  70%|██████▉   | 16/23 [44:56<21:30, 184.33s/it]
Loading checkpoint shards:  74%|███████▍  | 17/23 [47:51<18:09, 181.51s/it]
Loading checkpoint shards:  78%|███████▊  | 18/23 [50:34<14:40, 176.09s/it]
Loading checkpoint shards:  83%|████████▎ | 19/23 [53:22<11:34, 173.61s/it]
Loading checkpoint shards:  87%|████████▋ | 20/23 [56:30<08:53, 177.92s/it]
Loading checkpoint shards:  91%|█████████▏| 21/23 [59:17<05:49, 174.64s/it]
Loading checkpoint shards:  96%|█████████▌| 22/23 [1:02:18<02:56, 176.68s/it]
Loading checkpoint shards: 100%|██████████| 23/23 [1:03:28<00:00, 144.69s/it]
Loading checkpoint shards: 100%|██████████| 23/23 [1:03:28<00:00, 165.60s/it]
INFO:root:../models/nllb-moe-54b model and tokenizer loaded
INFO:root:The loading time of model NLLB_54B is 3861.4938218593597 s
the `lang_code_to_id` attribute is deprecated. The logic is natively handled in the `tokenizer.adder_tokens_decoder` this attribute will be removed in `transformers` v4.38
/home/lanz/.local/lib/python3.10/site-packages/transformers/generation/utils.py:1339: UserWarning: You have modified the pretrained model configuration to control generation. This is a deprecated strategy to control generation and will be removed soon, in a future version. Please use and modify the model generation configuration (see https://huggingface.co/docs/transformers/generation_strategies#default-text-generation-configuration )
  warnings.warn(
/home/lanz/.local/lib/python3.10/site-packages/bitsandbytes/nn/modules.py:226: UserWarning: Input type into Linear4bit is torch.float16, but bnb_4bit_compute_type=torch.float32 (default). This will lead to slow inference or training speed.
  warnings.warn(f'Input type into Linear4bit is torch.float16, but bnb_4bit_compute_type=torch.float32 (default). This will lead to slow inference or training speed.')
/home/lanz/.local/lib/python3.10/site-packages/bitsandbytes/nn/modules.py:223: UserWarning: Input type into Linear4bit is torch.float16, but bnb_4bit_compute_type=torch.float32 (default). This will lead to slow inference.
  warnings.warn(f'Input type into Linear4bit is torch.float16, but bnb_4bit_compute_type=torch.float32 (default). This will lead to slow inference.')
INFO:root:The cs translation using NLLB_54B is successfully completed in time 922.3393974304199 s (1500 sentences)
INFO:root:BLEU: 38.232032006448044, METEOR: 0.6230400100583326, WER: 47.2811, CER: 35.3607
INFO:root:Model NLLB_54B is successfully measured - TIME: 922.3393974304199, BLEU: 38.232032006448044, METEOR: 0.6230400100583326, WER: 47.2811, CER: 35.3607
INFO:root:The de translation using NLLB_54B is successfully completed in time 1024.315485715866 s (1500 sentences)
INFO:root:BLEU: 33.462201960691075, METEOR: 0.5992276331652974, WER: 50.3603, CER: 37.1875
INFO:root:Model NLLB_54B is successfully measured - TIME: 973.327441573143, BLEU: 35.84711698356956, METEOR: 0.611133821611815, WER: 48.8207, CER: 36.274100000000004
INFO:root:The fr translation using NLLB_54B is successfully completed in time 1039.1628623008728 s (1500 sentences)
INFO:root:BLEU: 48.29756149859313, METEOR: 0.7230032600044104, WER: 40.6477, CER: 26.8435
INFO:root:Model NLLB_54B is successfully measured - TIME: 995.2725818157196, BLEU: 39.99726515524409, METEOR: 0.6484236344093467, WER: 46.096366666666675, CER: 33.130566666666674
INFO:root:The hu translation using NLLB_54B is successfully completed in time 949.3614828586578 s (1500 sentences)
INFO:root:BLEU: 18.914270832391118, METEOR: 0.431678448426573, WER: 65.9254, CER: 51.7279
INFO:root:Model NLLB_54B is successfully measured - TIME: 983.7948070764542, BLEU: 34.72651657453084, METEOR: 0.5942373379136533, WER: 51.053625000000004, CER: 37.779900000000005
INFO:root:The pl translation using NLLB_54B is successfully completed in time 1016.1595873832703 s (1500 sentences)
INFO:root:BLEU: 19.24116729680714, METEOR: 0.43679776046242536, WER: 63.9829, CER: 49.5473
INFO:root:Model NLLB_54B is successfully measured - TIME: 990.2677631378174, BLEU: 31.6294467189861, METEOR: 0.5627494224234078, WER: 53.639480000000006, CER: 40.13338
INFO:root:The es translation using NLLB_54B is successfully completed in time 921.3340060710907 s (1500 sentences)
INFO:root:BLEU: 47.9820872307508, METEOR: 0.7505255021546627, WER: 36.699, CER: 26.1224
INFO:root:Model NLLB_54B is successfully measured - TIME: 978.7788036266962, BLEU: 34.35488680428022, METEOR: 0.5940454357119502, WER: 50.81606666666667, CER: 37.79821666666667
INFO:root:The sv translation using NLLB_54B is successfully completed in time 826.2529516220093 s (1500 sentences)
INFO:root:BLEU: 47.26151361111151, METEOR: 0.7071026185896411, WER: 36.3351, CER: 26.1969
INFO:root:Model NLLB_54B is successfully measured - TIME: 956.9893961974552, BLEU: 36.198690633827546, METEOR: 0.6101964618373347, WER: 48.74735714285715, CER: 36.140885714285716

{
    "NLLB_54B": {
        "all": {
            "loading_time": 3861.4938218593597,
            "cs": {
                "time": 922.3393974304199,
                "score": {
                    "bleu": 38.232032006448044,
                    "meteor": 0.6230400100583326,
                    "wer": 47.2811,
                    "cer": 35.3607
                }
            },
            "de": {
                "time": 1024.315485715866,
                "score": {
                    "bleu": 33.462201960691075,
                    "meteor": 0.5992276331652974,
                    "wer": 50.3603,
                    "cer": 37.1875
                }
            },
            "fr": {
                "time": 1039.1628623008728,
                "score": {
                    "bleu": 48.29756149859313,
                    "meteor": 0.7230032600044104,
                    "wer": 40.6477,
                    "cer": 26.8435
                }
            },
            "hu": {
                "time": 949.3614828586578,
                "score": {
                    "bleu": 18.914270832391118,
                    "meteor": 0.431678448426573,
                    "wer": 65.9254,
                    "cer": 51.7279
                }
            },
            "pl": {
                "time": 1016.1595873832703,
                "score": {
                    "bleu": 19.24116729680714,
                    "meteor": 0.43679776046242536,
                    "wer": 63.9829,
                    "cer": 49.5473
                }
            },
            "es": {
                "time": 921.3340060710907,
                "score": {
                    "bleu": 47.9820872307508,
                    "meteor": 0.7505255021546627,
                    "wer": 36.699,
                    "cer": 26.1224
                }
            },
            "sv": {
                "time": 826.2529516220093,
                "score": {
                    "bleu": 47.26151361111151,
                    "meteor": 0.7071026185896411,
                    "wer": 36.3351,
                    "cer": 26.1969
                }
            }
        },
        "time": 956.9893961974552,
        "bleu": 36.198690633827546,
        "meteor": 0.6101964618373347,
        "wer": 48.74735714285715,
        "cer": 36.140885714285716
    }
}

slurmstepd: error: common_file_write_uint32s: write pid 25792 to /sys/fs/cgroup/cgroup.procs failed: Device or resource busy
slurmstepd: error: Unable to move pid 25792 to init root cgroup /sys/fs/cgroup
slurmstepd: error: error unlocking cgroup '/sys/fs/cgroup/system.slice/slurmstepd.scope' : Bad file descriptor
